Build started 11/13/2013 5:38:57 PM.
Project "C:\Users\Eunsol Choi\Dropbox\cs557\557-modeler\modeler.vcxproj" on node 2 (Rebuild target(s)).
ClCompile:
  C:\Program Files (x86)\Microsoft Visual Studio 11.0\VC\bin\CL.exe /c /I"C:\Users\Eunsol Choi\Dropbox\cs557\557-modeler\\glew\include" /I"C:\Program Files\fltk-1.1.10\zlib" /I"C:\Program Files\fltk-1.1.10\png" /I"C:\Program Files\fltk-1.1.10\jpeg" /I"C:\Program Files\fltk-1.1.10" /I"C:\Users\Eunsol Choi\Dropbox\cs557\557-modeler\\file dialog" /ZI /nologo /W3 /WX- /Od /Oy- /D WIN32 /D _DEBUG /D _CONSOLE /D FLTK1 /D GLEW_STATIC /D _VC80_UPGRADE=0x0710 /D _MBCS /Gm- /EHsc /RTC1 /MDd /GS /fp:precise /Zc:wchar_t /Zc:forScope /Fo"Debug/" /Fd"Debug/vc110.pdb" /Gd /TP /wd4996 /analyze- /errorReport:prompt FL\Fl_Tree.cxx FL\Fl_Tree_Item.cxx FL\Fl_Tree_Item_Array.cxx FL\Fl_Tree_Prefs.cxx camera.cpp "file dialog\Fl_Native_File_Chooser.cxx" modelerdraw.cpp modelerui.cpp modelerview.cpp rijndael.cpp shaders.cpp imageio.cpp trackball.cpp vault.cpp model.cpp properties.cpp sample.cpp
  Fl_Tree.cxx
  Fl_Tree_Item.cxx
  Fl_Tree_Item_Array.cxx
  Fl_Tree_Prefs.cxx
  camera.cpp
  Fl_Native_File_Chooser.cxx
  modelerdraw.cpp
c:\users\eunsol choi\dropbox\cs557\557-modeler\modelerdraw.cpp(696): warning C4244: 'initializing' : conversion from 'int' to 'GLfloat', possible loss of data
  modelerui.cpp
  modelerview.cpp
  rijndael.cpp
  shaders.cpp
  imageio.cpp
  trackball.cpp
  vault.cpp
  model.cpp
  properties.cpp
  sample.cpp
  Generating Code...
  C:\Program Files (x86)\Microsoft Visual Studio 11.0\VC\bin\CL.exe /c /I"C:\Users\Eunsol Choi\Dropbox\cs557\557-modeler\\glew\include" /I"C:\Program Files\fltk-1.1.10\zlib" /I"C:\Program Files\fltk-1.1.10\png" /I"C:\Program Files\fltk-1.1.10\jpeg" /I"C:\Program Files\fltk-1.1.10" /I"C:\Users\Eunsol Choi\Dropbox\cs557\557-modeler\\file dialog" /ZI /nologo /W3 /WX- /Od /Oy- /D WIN32 /D _DEBUG /D _CONSOLE /D FLTK1 /D GLEW_STATIC /D _VC80_UPGRADE=0x0710 /D _MBCS /Gm- /EHsc /RTC1 /MDd /GS /fp:precise /Zc:wchar_t /Zc:forScope /Fo"Debug/" /Fd"Debug/vc110.pdb" /Gd /TC /wd4996 /analyze- /errorReport:prompt glew\src\glew.c vect.c
  glew.c
  vect.c
  Generating Code...
Link:
  C:\Program Files (x86)\Microsoft Visual Studio 11.0\VC\bin\link.exe /ERRORREPORT:PROMPT /OUT:"Debug/modeler.exe" /INCREMENTAL /NOLOGO /LIBPATH:"C:\Program Files\fltk-1.1.10\lib" fltkzd.lib fltkjpegd.lib fltkpngd.lib fltkgld.lib fltkd.lib opengl32.lib comctl32.lib wsock32.lib glu32.lib odbc32.lib odbccp32.lib kernel32.lib user32.lib gdi32.lib winspool.lib comdlg32.lib advapi32.lib shell32.lib ole32.lib oleaut32.lib uuid.lib odbc32.lib odbccp32.lib /NODEFAULTLIB:msvcrt /MANIFEST /MANIFESTUAC:"level='asInvoker' uiAccess='false'" /manifest:embed /DEBUG /PDB:"Debug/modeler.pdb" /SUBSYSTEM:CONSOLE /TLBID:1 /DYNAMICBASE:NO /IMPLIB:"Debug\modeler.lib" /MACHINE:X86 /SAFESEH /MACHINE:I386 Debug/Fl_Tree.obj
  Debug/Fl_Tree_Item.obj
  Debug/Fl_Tree_Item_Array.obj
  Debug/Fl_Tree_Prefs.obj
  Debug/camera.obj
  Debug/Fl_Native_File_Chooser.obj
  Debug/modelerdraw.obj
  Debug/modelerui.obj
  Debug/modelerview.obj
  Debug/rijndael.obj
  Debug/shaders.obj
  Debug/glew.obj
  Debug/imageio.obj
  Debug/trackball.obj
  Debug/vault.obj
  Debug/vect.obj
  Debug/model.obj
  Debug/properties.obj
  Debug/sample.obj
Fl_Tree.obj : warning LNK4075: ignoring '/EDITANDCONTINUE' due to '/SAFESEH' specification
sample.obj : error LNK2019: unresolved external symbol "void __cdecl drawMyObject(double)" (?drawMyObject@@YAXN@Z) referenced in function "public: void __thiscall Scene::drawModel(void)" (?drawModel@Scene@@QAEXXZ)
Debug/modeler.exe : fatal error LNK1120: 1 unresolved externals
Done Building Project "C:\Users\Eunsol Choi\Dropbox\cs557\557-modeler\modeler.vcxproj" (Rebuild target(s)) -- FAILED.

Build FAILED.

Time Elapsed 00:00:23.71
